2017-07-14 17:31:14,113 [Worker-2] INFO  c.g.t.t.d.PublishedGradleVersions - Gradle version information cache is out-of-date. Trying to update.
2017-07-14 17:42:15,849 [ModalContext] INFO  o.e.m.c.i.e.AbstractTransferListenerAdapter - Downloading https://repo.maven.apache.org/maven2/org/glassfish/jersey/archetypes/jersey-heroku-webapp/2.26-b07/jersey-heroku-webapp-2.26-b07.pom
2017-07-14 17:42:16,190 [ModalContext] INFO  o.e.m.c.i.e.AbstractTransferListenerAdapter - Downloaded https://repo.maven.apache.org/maven2/org/glassfish/jersey/archetypes/jersey-heroku-webapp/2.26-b07/jersey-heroku-webapp-2.26-b07.pom
2017-07-14 17:42:17,565 [ModalContext] INFO  o.e.m.c.i.e.AbstractTransferListenerAdapter - Downloading https://repo.maven.apache.org/maven2/org/glassfish/jersey/archetypes/jersey-heroku-webapp/2.26-b07/jersey-heroku-webapp-2.26-b07.jar
2017-07-14 17:42:18,126 [ModalContext] INFO  o.e.m.c.i.e.AbstractTransferListenerAdapter - Downloaded https://repo.maven.apache.org/maven2/org/glassfish/jersey/archetypes/jersey-heroku-webapp/2.26-b07/jersey-heroku-webapp-2.26-b07.jar
2017-07-14 17:45:05,695 [Worker-18] INFO  o.e.m.c.i.p.ProjectConfigurationManager - Collecting project info '/pom.xml' /Users/Mamun/Desktop/selenium/mvn_projects/sampleHerokuWebapp/pom.xml
2017-07-14 17:45:06,046 [Worker-18] INFO  o.e.m.c.i.e.AbstractTransferListenerAdapter - Downloading https://repo.maven.apache.org/maven2/org/glassfish/jersey/jersey-bom/2.26-b07/jersey-bom-2.26-b07.pom
2017-07-14 17:45:06,094 [Worker-18] INFO  o.e.m.c.i.e.AbstractTransferListenerAdapter - Downloaded https://repo.maven.apache.org/maven2/org/glassfish/jersey/jersey-bom/2.26-b07/jersey-bom-2.26-b07.pom
2017-07-14 17:45:06,954 [Worker-18] INFO  o.e.m.c.i.l.LifecycleMappingFactory - Using org.eclipse.m2e.jdt.JarLifecycleMapping lifecycle mapping for MavenProject: com.doitgeek:sampleHerokuWebapp:0.0.1-SNAPSHOT @ /Users/Mamun/Desktop/selenium/mvn_projects/sampleHerokuWebapp/pom.xml.
2017-07-14 17:45:06,985 [Worker-18] INFO  o.e.m.c.i.e.AbstractTransferListenerAdapter - Downloading https://repo.maven.apache.org/maven2/org/glassfish/jersey/containers/jersey-container-servlet/2.26-b07/jersey-container-servlet-2.26-b07.pom
2017-07-14 17:45:07,005 [Worker-18] INFO  o.e.m.c.i.e.AbstractTransferListenerAdapter - Downloaded https://repo.maven.apache.org/maven2/org/glassfish/jersey/containers/jersey-container-servlet/2.26-b07/jersey-container-servlet-2.26-b07.pom
2017-07-14 17:45:07,035 [Worker-18] INFO  o.e.m.c.i.e.AbstractTransferListenerAdapter - Downloading https://repo.maven.apache.org/maven2/org/glassfish/jersey/containers/project/2.26-b07/project-2.26-b07.pom
2017-07-14 17:45:07,055 [Worker-18] INFO  o.e.m.c.i.e.AbstractTransferListenerAdapter - Downloaded https://repo.maven.apache.org/maven2/org/glassfish/jersey/containers/project/2.26-b07/project-2.26-b07.pom
2017-07-14 17:45:07,079 [Worker-18] INFO  o.e.m.c.i.e.AbstractTransferListenerAdapter - Downloading https://repo.maven.apache.org/maven2/org/glassfish/jersey/project/2.26-b07/project-2.26-b07.pom
2017-07-14 17:45:07,202 [Worker-18] INFO  o.e.m.c.i.e.AbstractTransferListenerAdapter - Downloaded https://repo.maven.apache.org/maven2/org/glassfish/jersey/project/2.26-b07/project-2.26-b07.pom
2017-07-14 17:45:07,242 [Worker-18] INFO  o.e.m.c.i.e.AbstractTransferListenerAdapter - Downloading https://repo.maven.apache.org/maven2/org/glassfish/hk2/hk2-bom/2.5.0-b36/hk2-bom-2.5.0-b36.pom
2017-07-14 17:45:07,265 [Worker-18] INFO  o.e.m.c.i.e.AbstractTransferListenerAdapter - Downloaded https://repo.maven.apache.org/maven2/org/glassfish/hk2/hk2-bom/2.5.0-b36/hk2-bom-2.5.0-b36.pom
2017-07-14 17:45:07,356 [Worker-18] INFO  o.e.m.c.i.e.AbstractTransferListenerAdapter - Downloading https://repo.maven.apache.org/maven2/org/glassfish/jersey/containers/jersey-container-servlet-core/2.26-b07/jersey-container-servlet-core-2.26-b07.pom
2017-07-14 17:45:07,385 [Worker-18] INFO  o.e.m.c.i.e.AbstractTransferListenerAdapter - Downloaded https://repo.maven.apache.org/maven2/org/glassfish/jersey/containers/jersey-container-servlet-core/2.26-b07/jersey-container-servlet-core-2.26-b07.pom
2017-07-14 17:45:07,419 [Worker-18] INFO  o.e.m.c.i.e.AbstractTransferListenerAdapter - Downloading https://repo.maven.apache.org/maven2/org/glassfish/hk2/external/javax.inject/2.5.0-b36/javax.inject-2.5.0-b36.pom
2017-07-14 17:45:07,458 [Worker-18] INFO  o.e.m.c.i.e.AbstractTransferListenerAdapter - Downloaded https://repo.maven.apache.org/maven2/org/glassfish/hk2/external/javax.inject/2.5.0-b36/javax.inject-2.5.0-b36.pom
2017-07-14 17:45:07,551 [Worker-18] INFO  o.e.m.c.i.e.AbstractTransferListenerAdapter - Downloading https://repo.maven.apache.org/maven2/org/glassfish/hk2/external/2.5.0-b36/external-2.5.0-b36.pom
2017-07-14 17:45:07,591 [Worker-18] INFO  o.e.m.c.i.e.AbstractTransferListenerAdapter - Downloaded https://repo.maven.apache.org/maven2/org/glassfish/hk2/external/2.5.0-b36/external-2.5.0-b36.pom
2017-07-14 17:45:07,619 [Worker-18] INFO  o.e.m.c.i.e.AbstractTransferListenerAdapter - Downloading https://repo.maven.apache.org/maven2/org/glassfish/hk2/hk2-parent/2.5.0-b36/hk2-parent-2.5.0-b36.pom
2017-07-14 17:45:07,685 [Worker-18] INFO  o.e.m.c.i.e.AbstractTransferListenerAdapter - Downloaded https://repo.maven.apache.org/maven2/org/glassfish/hk2/hk2-parent/2.5.0-b36/hk2-parent-2.5.0-b36.pom
2017-07-14 17:45:07,727 [Worker-18] INFO  o.e.m.c.i.e.AbstractTransferListenerAdapter - Downloading https://repo.maven.apache.org/maven2/org/glassfish/jersey/core/jersey-common/2.26-b07/jersey-common-2.26-b07.pom
2017-07-14 17:45:07,752 [Worker-18] INFO  o.e.m.c.i.e.AbstractTransferListenerAdapter - Downloaded https://repo.maven.apache.org/maven2/org/glassfish/jersey/core/jersey-common/2.26-b07/jersey-common-2.26-b07.pom
2017-07-14 17:45:07,793 [Worker-18] INFO  o.e.m.c.i.e.AbstractTransferListenerAdapter - Downloading https://repo.maven.apache.org/maven2/javax/ws/rs/javax.ws.rs-api/2.1-m09/javax.ws.rs-api-2.1-m09.pom
2017-07-14 17:45:07,875 [Worker-18] INFO  o.e.m.c.i.e.AbstractTransferListenerAdapter - Downloaded https://repo.maven.apache.org/maven2/javax/ws/rs/javax.ws.rs-api/2.1-m09/javax.ws.rs-api-2.1-m09.pom
2017-07-14 17:45:07,917 [Worker-18] INFO  o.e.m.c.i.e.AbstractTransferListenerAdapter - Downloading https://repo.maven.apache.org/maven2/org/glassfish/jersey/core/jersey-server/2.26-b07/jersey-server-2.26-b07.pom
2017-07-14 17:45:07,955 [Worker-18] INFO  o.e.m.c.i.e.AbstractTransferListenerAdapter - Downloaded https://repo.maven.apache.org/maven2/org/glassfish/jersey/core/jersey-server/2.26-b07/jersey-server-2.26-b07.pom
2017-07-14 17:45:07,986 [Worker-18] INFO  o.e.m.c.i.e.AbstractTransferListenerAdapter - Downloading https://repo.maven.apache.org/maven2/org/glassfish/jersey/core/jersey-client/2.26-b07/jersey-client-2.26-b07.pom
2017-07-14 17:45:08,011 [Worker-18] INFO  o.e.m.c.i.e.AbstractTransferListenerAdapter - Downloaded https://repo.maven.apache.org/maven2/org/glassfish/jersey/core/jersey-client/2.26-b07/jersey-client-2.26-b07.pom
2017-07-14 17:45:08,036 [Worker-18] INFO  o.e.m.c.i.e.AbstractTransferListenerAdapter - Downloading https://repo.maven.apache.org/maven2/org/glassfish/jersey/media/jersey-media-jaxb/2.26-b07/jersey-media-jaxb-2.26-b07.pom
2017-07-14 17:45:08,069 [Worker-18] INFO  o.e.m.c.i.e.AbstractTransferListenerAdapter - Downloaded https://repo.maven.apache.org/maven2/org/glassfish/jersey/media/jersey-media-jaxb/2.26-b07/jersey-media-jaxb-2.26-b07.pom
2017-07-14 17:45:08,088 [Worker-18] INFO  o.e.m.c.i.e.AbstractTransferListenerAdapter - Downloading https://repo.maven.apache.org/maven2/org/glassfish/jersey/media/project/2.26-b07/project-2.26-b07.pom
2017-07-14 17:45:08,108 [Worker-18] INFO  o.e.m.c.i.e.AbstractTransferListenerAdapter - Downloaded https://repo.maven.apache.org/maven2/org/glassfish/jersey/media/project/2.26-b07/project-2.26-b07.pom
2017-07-14 17:45:08,144 [Worker-18] INFO  o.e.m.c.i.e.AbstractTransferListenerAdapter - Downloading https://repo.maven.apache.org/maven2/org/glassfish/jersey/inject/jersey-hk2/2.26-b07/jersey-hk2-2.26-b07.pom
2017-07-14 17:45:08,177 [Worker-18] INFO  o.e.m.c.i.e.AbstractTransferListenerAdapter - Downloaded https://repo.maven.apache.org/maven2/org/glassfish/jersey/inject/jersey-hk2/2.26-b07/jersey-hk2-2.26-b07.pom
2017-07-14 17:45:08,203 [Worker-18] INFO  o.e.m.c.i.e.AbstractTransferListenerAdapter - Downloading https://repo.maven.apache.org/maven2/org/glassfish/jersey/inject/project/2.26-b07/project-2.26-b07.pom
2017-07-14 17:45:08,236 [Worker-18] INFO  o.e.m.c.i.e.AbstractTransferListenerAdapter - Downloaded https://repo.maven.apache.org/maven2/org/glassfish/jersey/inject/project/2.26-b07/project-2.26-b07.pom
2017-07-14 17:45:08,282 [Worker-18] INFO  o.e.m.c.i.e.AbstractTransferListenerAdapter - Downloading https://repo.maven.apache.org/maven2/org/glassfish/hk2/hk2-locator/2.5.0-b36/hk2-locator-2.5.0-b36.pom
2017-07-14 17:45:08,308 [Worker-18] INFO  o.e.m.c.i.e.AbstractTransferListenerAdapter - Downloaded https://repo.maven.apache.org/maven2/org/glassfish/hk2/hk2-locator/2.5.0-b36/hk2-locator-2.5.0-b36.pom
2017-07-14 17:45:08,332 [Worker-18] INFO  o.e.m.c.i.e.AbstractTransferListenerAdapter - Downloading https://repo.maven.apache.org/maven2/org/glassfish/hk2/external/aopalliance-repackaged/2.5.0-b36/aopalliance-repackaged-2.5.0-b36.pom
2017-07-14 17:45:08,357 [Worker-18] INFO  o.e.m.c.i.e.AbstractTransferListenerAdapter - Downloaded https://repo.maven.apache.org/maven2/org/glassfish/hk2/external/aopalliance-repackaged/2.5.0-b36/aopalliance-repackaged-2.5.0-b36.pom
2017-07-14 17:45:08,381 [Worker-18] INFO  o.e.m.c.i.e.AbstractTransferListenerAdapter - Downloading https://repo.maven.apache.org/maven2/org/glassfish/hk2/hk2-api/2.5.0-b36/hk2-api-2.5.0-b36.pom
2017-07-14 17:45:08,409 [Worker-18] INFO  o.e.m.c.i.e.AbstractTransferListenerAdapter - Downloaded https://repo.maven.apache.org/maven2/org/glassfish/hk2/hk2-api/2.5.0-b36/hk2-api-2.5.0-b36.pom
2017-07-14 17:45:08,437 [Worker-18] INFO  o.e.m.c.i.e.AbstractTransferListenerAdapter - Downloading https://repo.maven.apache.org/maven2/org/glassfish/hk2/hk2-utils/2.5.0-b36/hk2-utils-2.5.0-b36.pom
2017-07-14 17:45:08,466 [Worker-18] INFO  o.e.m.c.i.e.AbstractTransferListenerAdapter - Downloaded https://repo.maven.apache.org/maven2/org/glassfish/hk2/hk2-utils/2.5.0-b36/hk2-utils-2.5.0-b36.pom
2017-07-14 17:45:08,502 [Worker-18] INFO  o.e.m.c.i.e.AbstractTransferListenerAdapter - Downloading https://repo.maven.apache.org/maven2/org/eclipse/jetty/jetty-servlet/9.0.6.v20130930/jetty-servlet-9.0.6.v20130930.pom
2017-07-14 17:45:08,639 [Worker-18] INFO  o.e.m.c.i.e.AbstractTransferListenerAdapter - Downloaded https://repo.maven.apache.org/maven2/org/eclipse/jetty/jetty-servlet/9.0.6.v20130930/jetty-servlet-9.0.6.v20130930.pom
2017-07-14 17:45:08,678 [Worker-18] INFO  o.e.m.c.i.e.AbstractTransferListenerAdapter - Downloading https://repo.maven.apache.org/maven2/org/eclipse/jetty/jetty-project/9.0.6.v20130930/jetty-project-9.0.6.v20130930.pom
2017-07-14 17:45:08,703 [Worker-18] INFO  o.e.m.c.i.e.AbstractTransferListenerAdapter - Downloaded https://repo.maven.apache.org/maven2/org/eclipse/jetty/jetty-project/9.0.6.v20130930/jetty-project-9.0.6.v20130930.pom
2017-07-14 17:45:08,748 [Worker-18] INFO  o.e.m.c.i.e.AbstractTransferListenerAdapter - Downloading https://repo.maven.apache.org/maven2/org/eclipse/jetty/jetty-parent/20/jetty-parent-20.pom
2017-07-14 17:45:08,772 [Worker-18] INFO  o.e.m.c.i.e.AbstractTransferListenerAdapter - Downloaded https://repo.maven.apache.org/maven2/org/eclipse/jetty/jetty-parent/20/jetty-parent-20.pom
2017-07-14 17:45:08,802 [Worker-18] INFO  o.e.m.c.i.e.AbstractTransferListenerAdapter - Downloading https://repo.maven.apache.org/maven2/org/eclipse/jetty/jetty-security/9.0.6.v20130930/jetty-security-9.0.6.v20130930.pom
2017-07-14 17:45:08,832 [Worker-18] INFO  o.e.m.c.i.e.AbstractTransferListenerAdapter - Downloaded https://repo.maven.apache.org/maven2/org/eclipse/jetty/jetty-security/9.0.6.v20130930/jetty-security-9.0.6.v20130930.pom
2017-07-14 17:45:08,872 [Worker-18] INFO  o.e.m.c.i.e.AbstractTransferListenerAdapter - Downloading https://repo.maven.apache.org/maven2/org/eclipse/jetty/jetty-server/9.0.6.v20130930/jetty-server-9.0.6.v20130930.pom
2017-07-14 17:45:08,907 [Worker-18] INFO  o.e.m.c.i.e.AbstractTransferListenerAdapter - Downloaded https://repo.maven.apache.org/maven2/org/eclipse/jetty/jetty-server/9.0.6.v20130930/jetty-server-9.0.6.v20130930.pom
2017-07-14 17:45:08,932 [Worker-18] INFO  o.e.m.c.i.e.AbstractTransferListenerAdapter - Downloading https://repo.maven.apache.org/maven2/org/eclipse/jetty/orbit/javax.servlet/3.0.0.v201112011016/javax.servlet-3.0.0.v201112011016.pom
2017-07-14 17:45:08,946 [Worker-18] INFO  o.e.m.c.i.e.AbstractTransferListenerAdapter - Downloaded https://repo.maven.apache.org/maven2/org/eclipse/jetty/orbit/javax.servlet/3.0.0.v201112011016/javax.servlet-3.0.0.v201112011016.pom
2017-07-14 17:45:08,976 [Worker-18] INFO  o.e.m.c.i.e.AbstractTransferListenerAdapter - Downloading https://repo.maven.apache.org/maven2/org/eclipse/jetty/orbit/jetty-orbit/1/jetty-orbit-1.pom
2017-07-14 17:45:08,993 [Worker-18] INFO  o.e.m.c.i.e.AbstractTransferListenerAdapter - Downloaded https://repo.maven.apache.org/maven2/org/eclipse/jetty/orbit/jetty-orbit/1/jetty-orbit-1.pom
2017-07-14 17:45:09,029 [Worker-18] INFO  o.e.m.c.i.e.AbstractTransferListenerAdapter - Downloading https://repo.maven.apache.org/maven2/org/eclipse/jetty/jetty-parent/18/jetty-parent-18.pom
2017-07-14 17:45:09,055 [Worker-18] INFO  o.e.m.c.i.e.AbstractTransferListenerAdapter - Downloaded https://repo.maven.apache.org/maven2/org/eclipse/jetty/jetty-parent/18/jetty-parent-18.pom
2017-07-14 17:45:09,088 [Worker-18] INFO  o.e.m.c.i.e.AbstractTransferListenerAdapter - Downloading https://repo.maven.apache.org/maven2/org/eclipse/jetty/jetty-http/9.0.6.v20130930/jetty-http-9.0.6.v20130930.pom
2017-07-14 17:45:09,112 [Worker-18] INFO  o.e.m.c.i.e.AbstractTransferListenerAdapter - Downloaded https://repo.maven.apache.org/maven2/org/eclipse/jetty/jetty-http/9.0.6.v20130930/jetty-http-9.0.6.v20130930.pom
2017-07-14 17:45:09,141 [Worker-18] INFO  o.e.m.c.i.e.AbstractTransferListenerAdapter - Downloading https://repo.maven.apache.org/maven2/org/eclipse/jetty/jetty-util/9.0.6.v20130930/jetty-util-9.0.6.v20130930.pom
2017-07-14 17:45:09,158 [Worker-18] INFO  o.e.m.c.i.e.AbstractTransferListenerAdapter - Downloaded https://repo.maven.apache.org/maven2/org/eclipse/jetty/jetty-util/9.0.6.v20130930/jetty-util-9.0.6.v20130930.pom
2017-07-14 17:45:09,183 [Worker-18] INFO  o.e.m.c.i.e.AbstractTransferListenerAdapter - Downloading https://repo.maven.apache.org/maven2/org/eclipse/jetty/jetty-io/9.0.6.v20130930/jetty-io-9.0.6.v20130930.pom
2017-07-14 17:45:09,202 [Worker-18] INFO  o.e.m.c.i.e.AbstractTransferListenerAdapter - Downloaded https://repo.maven.apache.org/maven2/org/eclipse/jetty/jetty-io/9.0.6.v20130930/jetty-io-9.0.6.v20130930.pom
2017-07-14 17:45:09,244 [Worker-18] INFO  o.e.m.c.i.e.AbstractTransferListenerAdapter - Downloading https://repo.maven.apache.org/maven2/org/eclipse/jetty/jetty-webapp/9.0.6.v20130930/jetty-webapp-9.0.6.v20130930.pom
2017-07-14 17:45:09,286 [Worker-18] INFO  o.e.m.c.i.e.AbstractTransferListenerAdapter - Downloaded https://repo.maven.apache.org/maven2/org/eclipse/jetty/jetty-webapp/9.0.6.v20130930/jetty-webapp-9.0.6.v20130930.pom
2017-07-14 17:45:09,377 [Worker-18] INFO  o.e.m.c.i.e.AbstractTransferListenerAdapter - Downloading https://repo.maven.apache.org/maven2/org/eclipse/jetty/jetty-xml/9.0.6.v20130930/jetty-xml-9.0.6.v20130930.pom
2017-07-14 17:45:09,407 [Worker-18] INFO  o.e.m.c.i.e.AbstractTransferListenerAdapter - Downloaded https://repo.maven.apache.org/maven2/org/eclipse/jetty/jetty-xml/9.0.6.v20130930/jetty-xml-9.0.6.v20130930.pom
2017-07-14 17:45:09,440 [Worker-18] INFO  o.e.m.c.i.e.AbstractTransferListenerAdapter - Downloading https://repo.maven.apache.org/maven2/org/glassfish/jersey/test-framework/providers/jersey-test-framework-provider-bundle/2.26-b07/jersey-test-framework-provider-bundle-2.26-b07.pom
2017-07-14 17:45:09,507 [Worker-18] INFO  o.e.m.c.i.e.AbstractTransferListenerAdapter - Downloaded https://repo.maven.apache.org/maven2/org/glassfish/jersey/test-framework/providers/jersey-test-framework-provider-bundle/2.26-b07/jersey-test-framework-provider-bundle-2.26-b07.pom
2017-07-14 17:45:09,546 [Worker-18] INFO  o.e.m.c.i.e.AbstractTransferListenerAdapter - Downloading https://repo.maven.apache.org/maven2/org/glassfish/jersey/test-framework/providers/project/2.26-b07/project-2.26-b07.pom
2017-07-14 17:45:09,573 [Worker-18] INFO  o.e.m.c.i.e.AbstractTransferListenerAdapter - Downloaded https://repo.maven.apache.org/maven2/org/glassfish/jersey/test-framework/providers/project/2.26-b07/project-2.26-b07.pom
2017-07-14 17:45:09,605 [Worker-18] INFO  o.e.m.c.i.e.AbstractTransferListenerAdapter - Downloading https://repo.maven.apache.org/maven2/org/glassfish/jersey/test-framework/project/2.26-b07/project-2.26-b07.pom
2017-07-14 17:45:09,626 [Worker-18] INFO  o.e.m.c.i.e.AbstractTransferListenerAdapter - Downloaded https://repo.maven.apache.org/maven2/org/glassfish/jersey/test-framework/project/2.26-b07/project-2.26-b07.pom
2017-07-14 17:45:09,687 [Worker-18] INFO  o.e.m.c.i.e.AbstractTransferListenerAdapter - Downloading https://repo.maven.apache.org/maven2/org/glassfish/jersey/test-framework/providers/jersey-test-framework-provider-grizzly2/2.26-b07/jersey-test-framework-provider-grizzly2-2.26-b07.pom
2017-07-14 17:45:09,711 [Worker-18] INFO  o.e.m.c.i.e.AbstractTransferListenerAdapter - Downloaded https://repo.maven.apache.org/maven2/org/glassfish/jersey/test-framework/providers/jersey-test-framework-provider-grizzly2/2.26-b07/jersey-test-framework-provider-grizzly2-2.26-b07.pom
2017-07-14 17:45:09,763 [Worker-18] INFO  o.e.m.c.i.e.AbstractTransferListenerAdapter - Downloading https://repo.maven.apache.org/maven2/org/glassfish/jersey/test-framework/jersey-test-framework-core/2.26-b07/jersey-test-framework-core-2.26-b07.pom
2017-07-14 17:45:09,785 [Worker-18] INFO  o.e.m.c.i.e.AbstractTransferListenerAdapter - Downloaded https://repo.maven.apache.org/maven2/org/glassfish/jersey/test-framework/jersey-test-framework-core/2.26-b07/jersey-test-framework-core-2.26-b07.pom
2017-07-14 17:45:09,815 [Worker-18] INFO  o.e.m.c.i.e.AbstractTransferListenerAdapter - Downloading https://repo.maven.apache.org/maven2/javax/servlet/javax.servlet-api/3.0.1/javax.servlet-api-3.0.1.pom
2017-07-14 17:45:09,853 [Worker-18] INFO  o.e.m.c.i.e.AbstractTransferListenerAdapter - Downloaded https://repo.maven.apache.org/maven2/javax/servlet/javax.servlet-api/3.0.1/javax.servlet-api-3.0.1.pom
2017-07-14 17:45:09,878 [Worker-18] INFO  o.e.m.c.i.e.AbstractTransferListenerAdapter - Downloading https://repo.maven.apache.org/maven2/net/java/jvnet-parent/1/jvnet-parent-1.pom
2017-07-14 17:45:09,918 [Worker-18] INFO  o.e.m.c.i.e.AbstractTransferListenerAdapter - Downloaded https://repo.maven.apache.org/maven2/net/java/jvnet-parent/1/jvnet-parent-1.pom
2017-07-14 17:45:09,942 [Worker-18] INFO  o.e.m.c.i.e.AbstractTransferListenerAdapter - Downloading https://repo.maven.apache.org/maven2/junit/junit/4.12/junit-4.12.pom
2017-07-14 17:45:09,966 [Worker-18] INFO  o.e.m.c.i.e.AbstractTransferListenerAdapter - Downloaded https://repo.maven.apache.org/maven2/junit/junit/4.12/junit-4.12.pom
2017-07-14 17:45:09,989 [Worker-18] INFO  o.e.m.c.i.e.AbstractTransferListenerAdapter - Downloading https://repo.maven.apache.org/maven2/org/hamcrest/hamcrest-core/1.3/hamcrest-core-1.3.pom
2017-07-14 17:45:10,005 [Worker-18] INFO  o.e.m.c.i.e.AbstractTransferListenerAdapter - Downloaded https://repo.maven.apache.org/maven2/org/hamcrest/hamcrest-core/1.3/hamcrest-core-1.3.pom
2017-07-14 17:45:10,025 [Worker-18] INFO  o.e.m.c.i.e.AbstractTransferListenerAdapter - Downloading https://repo.maven.apache.org/maven2/org/hamcrest/hamcrest-parent/1.3/hamcrest-parent-1.3.pom
2017-07-14 17:45:10,041 [Worker-18] INFO  o.e.m.c.i.e.AbstractTransferListenerAdapter - Downloaded https://repo.maven.apache.org/maven2/org/hamcrest/hamcrest-parent/1.3/hamcrest-parent-1.3.pom
2017-07-14 17:45:10,069 [Worker-18] INFO  o.e.m.c.i.e.AbstractTransferListenerAdapter - Downloading https://repo.maven.apache.org/maven2/org/glassfish/jersey/containers/jersey-container-grizzly2-http/2.26-b07/jersey-container-grizzly2-http-2.26-b07.pom
2017-07-14 17:45:10,132 [Worker-18] INFO  o.e.m.c.i.e.AbstractTransferListenerAdapter - Downloaded https://repo.maven.apache.org/maven2/org/glassfish/jersey/containers/jersey-container-grizzly2-http/2.26-b07/jersey-container-grizzly2-http-2.26-b07.pom
2017-07-14 17:45:10,167 [Worker-18] INFO  o.e.m.c.i.e.AbstractTransferListenerAdapter - Downloading https://repo.maven.apache.org/maven2/org/glassfish/grizzly/grizzly-http-server/2.4.0-beta8/grizzly-http-server-2.4.0-beta8.pom
2017-07-14 17:45:10,210 [Worker-18] INFO  o.e.m.c.i.e.AbstractTransferListenerAdapter - Downloaded https://repo.maven.apache.org/maven2/org/glassfish/grizzly/grizzly-http-server/2.4.0-beta8/grizzly-http-server-2.4.0-beta8.pom
2017-07-14 17:45:10,233 [Worker-18] INFO  o.e.m.c.i.e.AbstractTransferListenerAdapter - Downloading https://repo.maven.apache.org/maven2/org/glassfish/grizzly/grizzly-project/2.4.0-beta8/grizzly-project-2.4.0-beta8.pom
2017-07-14 17:45:10,259 [Worker-18] INFO  o.e.m.c.i.e.AbstractTransferListenerAdapter - Downloaded https://repo.maven.apache.org/maven2/org/glassfish/grizzly/grizzly-project/2.4.0-beta8/grizzly-project-2.4.0-beta8.pom
2017-07-14 17:45:10,279 [Worker-18] INFO  o.e.m.c.i.e.AbstractTransferListenerAdapter - Downloading https://repo.maven.apache.org/maven2/org/glassfish/grizzly/grizzly-bom/2.4.0-beta8/grizzly-bom-2.4.0-beta8.pom
2017-07-14 17:45:10,396 [Worker-18] INFO  o.e.m.c.i.e.AbstractTransferListenerAdapter - Downloaded https://repo.maven.apache.org/maven2/org/glassfish/grizzly/grizzly-bom/2.4.0-beta8/grizzly-bom-2.4.0-beta8.pom
2017-07-14 17:45:10,427 [Worker-18] INFO  o.e.m.c.i.e.AbstractTransferListenerAdapter - Downloading https://repo.maven.apache.org/maven2/org/glassfish/grizzly/grizzly-http/2.4.0-beta8/grizzly-http-2.4.0-beta8.pom
2017-07-14 17:45:10,457 [Worker-18] INFO  o.e.m.c.i.e.AbstractTransferListenerAdapter - Downloaded https://repo.maven.apache.org/maven2/org/glassfish/grizzly/grizzly-http/2.4.0-beta8/grizzly-http-2.4.0-beta8.pom
2017-07-14 17:45:10,478 [Worker-18] INFO  o.e.m.c.i.e.AbstractTransferListenerAdapter - Downloading https://repo.maven.apache.org/maven2/org/glassfish/grizzly/grizzly-framework/2.4.0-beta8/grizzly-framework-2.4.0-beta8.pom
2017-07-14 17:45:10,516 [Worker-18] INFO  o.e.m.c.i.e.AbstractTransferListenerAdapter - Downloaded https://repo.maven.apache.org/maven2/org/glassfish/grizzly/grizzly-framework/2.4.0-beta8/grizzly-framework-2.4.0-beta8.pom
2017-07-14 17:45:10,539 [Worker-18] INFO  o.e.m.c.i.e.AbstractTransferListenerAdapter - Downloading https://repo.maven.apache.org/maven2/org/glassfish/jersey/containers/jersey-container-grizzly2-servlet/2.26-b07/jersey-container-grizzly2-servlet-2.26-b07.pom
2017-07-14 17:45:10,558 [Worker-18] INFO  o.e.m.c.i.e.AbstractTransferListenerAdapter - Downloaded https://repo.maven.apache.org/maven2/org/glassfish/jersey/containers/jersey-container-grizzly2-servlet/2.26-b07/jersey-container-grizzly2-servlet-2.26-b07.pom
2017-07-14 17:45:10,583 [Worker-18] INFO  o.e.m.c.i.e.AbstractTransferListenerAdapter - Downloading https://repo.maven.apache.org/maven2/org/glassfish/grizzly/grizzly-http-servlet/2.4.0-beta8/grizzly-http-servlet-2.4.0-beta8.pom
2017-07-14 17:45:10,603 [Worker-18] INFO  o.e.m.c.i.e.AbstractTransferListenerAdapter - Downloaded https://repo.maven.apache.org/maven2/org/glassfish/grizzly/grizzly-http-servlet/2.4.0-beta8/grizzly-http-servlet-2.4.0-beta8.pom
2017-07-14 17:45:10,634 [Worker-18] INFO  o.e.m.c.i.e.AbstractTransferListenerAdapter - Downloading https://repo.maven.apache.org/maven2/org/glassfish/jersey/test-framework/providers/jersey-test-framework-provider-inmemory/2.26-b07/jersey-test-framework-provider-inmemory-2.26-b07.pom
2017-07-14 17:45:10,665 [Worker-18] INFO  o.e.m.c.i.e.AbstractTransferListenerAdapter - Downloaded https://repo.maven.apache.org/maven2/org/glassfish/jersey/test-framework/providers/jersey-test-framework-provider-inmemory/2.26-b07/jersey-test-framework-provider-inmemory-2.26-b07.pom
2017-07-14 17:45:10,698 [Worker-18] INFO  o.e.m.c.i.e.AbstractTransferListenerAdapter - Downloading https://repo.maven.apache.org/maven2/org/glassfish/jersey/test-framework/providers/jersey-test-framework-provider-external/2.26-b07/jersey-test-framework-provider-external-2.26-b07.pom
2017-07-14 17:45:10,746 [Worker-18] INFO  o.e.m.c.i.e.AbstractTransferListenerAdapter - Downloaded https://repo.maven.apache.org/maven2/org/glassfish/jersey/test-framework/providers/jersey-test-framework-provider-external/2.26-b07/jersey-test-framework-provider-external-2.26-b07.pom
2017-07-14 17:45:10,783 [Worker-18] INFO  o.e.m.c.i.e.AbstractTransferListenerAdapter - Downloading https://repo.maven.apache.org/maven2/org/glassfish/jersey/test-framework/providers/jersey-test-framework-provider-jdk-http/2.26-b07/jersey-test-framework-provider-jdk-http-2.26-b07.pom
2017-07-14 17:45:10,806 [Worker-18] INFO  o.e.m.c.i.e.AbstractTransferListenerAdapter - Downloaded https://repo.maven.apache.org/maven2/org/glassfish/jersey/test-framework/providers/jersey-test-framework-provider-jdk-http/2.26-b07/jersey-test-framework-provider-jdk-http-2.26-b07.pom
2017-07-14 17:45:10,857 [Worker-18] INFO  o.e.m.c.i.e.AbstractTransferListenerAdapter - Downloading https://repo.maven.apache.org/maven2/org/glassfish/jersey/containers/jersey-container-jdk-http/2.26-b07/jersey-container-jdk-http-2.26-b07.pom
2017-07-14 17:45:10,882 [Worker-18] INFO  o.e.m.c.i.e.AbstractTransferListenerAdapter - Downloaded https://repo.maven.apache.org/maven2/org/glassfish/jersey/containers/jersey-container-jdk-http/2.26-b07/jersey-container-jdk-http-2.26-b07.pom
2017-07-14 17:45:10,908 [Worker-18] INFO  o.e.m.c.i.e.AbstractTransferListenerAdapter - Downloading https://repo.maven.apache.org/maven2/org/glassfish/jersey/test-framework/providers/jersey-test-framework-provider-simple/2.26-b07/jersey-test-framework-provider-simple-2.26-b07.pom
2017-07-14 17:45:10,933 [Worker-18] INFO  o.e.m.c.i.e.AbstractTransferListenerAdapter - Downloaded https://repo.maven.apache.org/maven2/org/glassfish/jersey/test-framework/providers/jersey-test-framework-provider-simple/2.26-b07/jersey-test-framework-provider-simple-2.26-b07.pom
2017-07-14 17:45:10,976 [Worker-18] INFO  o.e.m.c.i.e.AbstractTransferListenerAdapter - Downloading https://repo.maven.apache.org/maven2/org/glassfish/jersey/containers/jersey-container-simple-http/2.26-b07/jersey-container-simple-http-2.26-b07.pom
2017-07-14 17:45:11,007 [Worker-18] INFO  o.e.m.c.i.e.AbstractTransferListenerAdapter - Downloaded https://repo.maven.apache.org/maven2/org/glassfish/jersey/containers/jersey-container-simple-http/2.26-b07/jersey-container-simple-http-2.26-b07.pom
2017-07-14 17:45:11,032 [Worker-18] INFO  o.e.m.c.i.e.AbstractTransferListenerAdapter - Downloading https://repo.maven.apache.org/maven2/org/simpleframework/simple-http/6.0.1/simple-http-6.0.1.pom
2017-07-14 17:45:11,051 [Worker-18] INFO  o.e.m.c.i.e.AbstractTransferListenerAdapter - Downloaded https://repo.maven.apache.org/maven2/org/simpleframework/simple-http/6.0.1/simple-http-6.0.1.pom
2017-07-14 17:45:11,069 [Worker-18] INFO  o.e.m.c.i.e.AbstractTransferListenerAdapter - Downloading https://repo.maven.apache.org/maven2/org/sonatype/oss/oss-parent/7/oss-parent-7.pom
2017-07-14 17:45:11,091 [Worker-18] INFO  o.e.m.c.i.e.AbstractTransferListenerAdapter - Downloaded https://repo.maven.apache.org/maven2/org/sonatype/oss/oss-parent/7/oss-parent-7.pom
2017-07-14 17:45:11,127 [Worker-18] INFO  o.e.m.c.i.e.AbstractTransferListenerAdapter - Downloading https://repo.maven.apache.org/maven2/org/simpleframework/simple-common/6.0.1/simple-common-6.0.1.pom
2017-07-14 17:45:11,146 [Worker-18] INFO  o.e.m.c.i.e.AbstractTransferListenerAdapter - Downloaded https://repo.maven.apache.org/maven2/org/simpleframework/simple-common/6.0.1/simple-common-6.0.1.pom
2017-07-14 17:45:11,171 [Worker-18] INFO  o.e.m.c.i.e.AbstractTransferListenerAdapter - Downloading https://repo.maven.apache.org/maven2/org/simpleframework/simple-transport/6.0.1/simple-transport-6.0.1.pom
2017-07-14 17:45:11,192 [Worker-18] INFO  o.e.m.c.i.e.AbstractTransferListenerAdapter - Downloaded https://repo.maven.apache.org/maven2/org/simpleframework/simple-transport/6.0.1/simple-transport-6.0.1.pom
2017-07-14 17:45:11,223 [Worker-18] INFO  o.e.m.c.i.e.AbstractTransferListenerAdapter - Downloading https://repo.maven.apache.org/maven2/org/glassfish/jersey/test-framework/providers/jersey-test-framework-provider-jetty/2.26-b07/jersey-test-framework-provider-jetty-2.26-b07.pom
2017-07-14 17:45:11,248 [Worker-18] INFO  o.e.m.c.i.e.AbstractTransferListenerAdapter - Downloaded https://repo.maven.apache.org/maven2/org/glassfish/jersey/test-framework/providers/jersey-test-framework-provider-jetty/2.26-b07/jersey-test-framework-provider-jetty-2.26-b07.pom
2017-07-14 17:45:11,285 [Worker-18] INFO  o.e.m.c.i.e.AbstractTransferListenerAdapter - Downloading https://repo.maven.apache.org/maven2/org/glassfish/jersey/containers/jersey-container-jetty-http/2.26-b07/jersey-container-jetty-http-2.26-b07.pom
2017-07-14 17:45:11,361 [Worker-18] INFO  o.e.m.c.i.e.AbstractTransferListenerAdapter - Downloaded https://repo.maven.apache.org/maven2/org/glassfish/jersey/containers/jersey-container-jetty-http/2.26-b07/jersey-container-jetty-http-2.26-b07.pom
2017-07-14 17:45:11,385 [Worker-18] INFO  o.e.m.c.i.e.AbstractTransferListenerAdapter - Downloading https://repo.maven.apache.org/maven2/org/eclipse/jetty/jetty-server/9.4.3.v20170317/jetty-server-9.4.3.v20170317.pom
2017-07-14 17:45:11,404 [Worker-18] INFO  o.e.m.c.i.e.AbstractTransferListenerAdapter - Downloaded https://repo.maven.apache.org/maven2/org/eclipse/jetty/jetty-server/9.4.3.v20170317/jetty-server-9.4.3.v20170317.pom
2017-07-14 17:45:11,435 [Worker-18] INFO  o.e.m.c.i.e.AbstractTransferListenerAdapter - Downloading https://repo.maven.apache.org/maven2/org/eclipse/jetty/jetty-project/9.4.3.v20170317/jetty-project-9.4.3.v20170317.pom
2017-07-14 17:45:11,481 [Worker-18] INFO  o.e.m.c.i.e.AbstractTransferListenerAdapter - Downloaded https://repo.maven.apache.org/maven2/org/eclipse/jetty/jetty-project/9.4.3.v20170317/jetty-project-9.4.3.v20170317.pom
2017-07-14 17:45:11,509 [Worker-18] INFO  o.e.m.c.i.e.AbstractTransferListenerAdapter - Downloading https://repo.maven.apache.org/maven2/javax/servlet/javax.servlet-api/3.1.0/javax.servlet-api-3.1.0.pom
2017-07-14 17:45:11,536 [Worker-18] INFO  o.e.m.c.i.e.AbstractTransferListenerAdapter - Downloaded https://repo.maven.apache.org/maven2/javax/servlet/javax.servlet-api/3.1.0/javax.servlet-api-3.1.0.pom
2017-07-14 17:45:11,575 [Worker-18] INFO  o.e.m.c.i.e.AbstractTransferListenerAdapter - Downloading https://repo.maven.apache.org/maven2/org/eclipse/jetty/jetty-http/9.4.3.v20170317/jetty-http-9.4.3.v20170317.pom
2017-07-14 17:45:11,607 [Worker-18] INFO  o.e.m.c.i.e.AbstractTransferListenerAdapter - Downloaded https://repo.maven.apache.org/maven2/org/eclipse/jetty/jetty-http/9.4.3.v20170317/jetty-http-9.4.3.v20170317.pom
2017-07-14 17:45:11,640 [Worker-18] INFO  o.e.m.c.i.e.AbstractTransferListenerAdapter - Downloading https://repo.maven.apache.org/maven2/org/eclipse/jetty/jetty-util/9.4.3.v20170317/jetty-util-9.4.3.v20170317.pom
2017-07-14 17:45:11,672 [Worker-18] INFO  o.e.m.c.i.e.AbstractTransferListenerAdapter - Downloaded https://repo.maven.apache.org/maven2/org/eclipse/jetty/jetty-util/9.4.3.v20170317/jetty-util-9.4.3.v20170317.pom
2017-07-14 17:45:11,709 [Worker-18] INFO  o.e.m.c.i.e.AbstractTransferListenerAdapter - Downloading https://repo.maven.apache.org/maven2/org/eclipse/jetty/jetty-io/9.4.3.v20170317/jetty-io-9.4.3.v20170317.pom
2017-07-14 17:45:11,749 [Worker-18] INFO  o.e.m.c.i.e.AbstractTransferListenerAdapter - Downloaded https://repo.maven.apache.org/maven2/org/eclipse/jetty/jetty-io/9.4.3.v20170317/jetty-io-9.4.3.v20170317.pom
2017-07-14 17:45:11,813 [Worker-18] INFO  o.e.m.c.i.e.AbstractTransferListenerAdapter - Downloading https://repo.maven.apache.org/maven2/org/eclipse/jetty/jetty-continuation/9.4.3.v20170317/jetty-continuation-9.4.3.v20170317.pom
2017-07-14 17:45:11,853 [Worker-18] INFO  o.e.m.c.i.e.AbstractTransferListenerAdapter - Downloaded https://repo.maven.apache.org/maven2/org/eclipse/jetty/jetty-continuation/9.4.3.v20170317/jetty-continuation-9.4.3.v20170317.pom
2017-07-14 17:45:11,900 [Worker-18] INFO  o.e.m.c.i.e.AbstractTransferListenerAdapter - Downloading https://repo.maven.apache.org/maven2/org/glassfish/jersey/test-framework/providers/jersey-test-framework-provider-netty/2.26-b07/jersey-test-framework-provider-netty-2.26-b07.pom
2017-07-14 17:45:11,935 [Worker-18] INFO  o.e.m.c.i.e.AbstractTransferListenerAdapter - Downloaded https://repo.maven.apache.org/maven2/org/glassfish/jersey/test-framework/providers/jersey-test-framework-provider-netty/2.26-b07/jersey-test-framework-provider-netty-2.26-b07.pom
2017-07-14 17:45:11,984 [Worker-18] INFO  o.e.m.c.i.e.AbstractTransferListenerAdapter - Downloading https://repo.maven.apache.org/maven2/org/glassfish/jersey/containers/jersey-container-netty-http/2.26-b07/jersey-container-netty-http-2.26-b07.pom
2017-07-14 17:45:12,051 [Worker-18] INFO  o.e.m.c.i.e.AbstractTransferListenerAdapter - Downloaded https://repo.maven.apache.org/maven2/org/glassfish/jersey/containers/jersey-container-netty-http/2.26-b07/jersey-container-netty-http-2.26-b07.pom
2017-07-14 17:45:12,108 [Worker-18] INFO  o.e.m.c.i.e.AbstractTransferListenerAdapter - Downloading https://repo.maven.apache.org/maven2/org/glassfish/jersey/connectors/jersey-netty-connector/2.26-b07/jersey-netty-connector-2.26-b07.pom
2017-07-14 17:45:12,145 [Worker-18] INFO  o.e.m.c.i.e.AbstractTransferListenerAdapter - Downloaded https://repo.maven.apache.org/maven2/org/glassfish/jersey/connectors/jersey-netty-connector/2.26-b07/jersey-netty-connector-2.26-b07.pom
2017-07-14 17:45:12,172 [Worker-18] INFO  o.e.m.c.i.e.AbstractTransferListenerAdapter - Downloading https://repo.maven.apache.org/maven2/org/glassfish/jersey/connectors/project/2.26-b07/project-2.26-b07.pom
2017-07-14 17:45:12,206 [Worker-18] INFO  o.e.m.c.i.e.AbstractTransferListenerAdapter - Downloaded https://repo.maven.apache.org/maven2/org/glassfish/jersey/connectors/project/2.26-b07/project-2.26-b07.pom
2017-07-14 17:45:12,231 [Worker-18] INFO  o.e.m.c.i.e.AbstractTransferListenerAdapter - Downloading https://repo.maven.apache.org/maven2/io/netty/netty-all/4.1.5.Final/netty-all-4.1.5.Final.pom
2017-07-14 17:45:12,255 [Worker-18] INFO  o.e.m.c.i.e.AbstractTransferListenerAdapter - Downloaded https://repo.maven.apache.org/maven2/io/netty/netty-all/4.1.5.Final/netty-all-4.1.5.Final.pom
2017-07-14 17:45:12,283 [Worker-18] INFO  o.e.m.c.i.e.AbstractTransferListenerAdapter - Downloading https://repo.maven.apache.org/maven2/io/netty/netty-parent/4.1.5.Final/netty-parent-4.1.5.Final.pom
2017-07-14 17:45:12,384 [Worker-18] INFO  o.e.m.c.i.e.AbstractTransferListenerAdapter - Downloaded https://repo.maven.apache.org/maven2/io/netty/netty-parent/4.1.5.Final/netty-parent-4.1.5.Final.pom
2017-07-14 17:45:12,411 [Worker-18] INFO  o.e.m.c.i.e.AbstractTransferListenerAdapter - Downloading https://repo.maven.apache.org/maven2/org/sonatype/oss/oss-parent/9/oss-parent-9.pom
2017-07-14 17:45:12,429 [Worker-18] INFO  o.e.m.c.i.e.AbstractTransferListenerAdapter - Downloaded https://repo.maven.apache.org/maven2/org/sonatype/oss/oss-parent/9/oss-parent-9.pom
2017-07-14 17:45:12,476 [Worker-18] INFO  o.e.m.c.i.e.AbstractTransferListenerAdapter - Downloading https://repo.maven.apache.org/maven2/org/glassfish/jersey/containers/jersey-container-servlet/2.26-b07/jersey-container-servlet-2.26-b07.jar
2017-07-14 17:45:12,496 [Worker-18] INFO  o.e.m.c.i.e.AbstractTransferListenerAdapter - Downloaded https://repo.maven.apache.org/maven2/org/glassfish/jersey/containers/jersey-container-servlet/2.26-b07/jersey-container-servlet-2.26-b07.jar
2017-07-14 17:45:12,511 [Worker-18] INFO  o.e.m.c.i.e.AbstractTransferListenerAdapter - Downloading https://repo.maven.apache.org/maven2/org/glassfish/jersey/containers/jersey-container-servlet-core/2.26-b07/jersey-container-servlet-core-2.26-b07.jar
2017-07-14 17:45:12,562 [Worker-18] INFO  o.e.m.c.i.e.AbstractTransferListenerAdapter - Downloaded https://repo.maven.apache.org/maven2/org/glassfish/jersey/containers/jersey-container-servlet-core/2.26-b07/jersey-container-servlet-core-2.26-b07.jar
2017-07-14 17:45:12,580 [Worker-18] INFO  o.e.m.c.i.e.AbstractTransferListenerAdapter - Downloading https://repo.maven.apache.org/maven2/org/glassfish/hk2/external/javax.inject/2.5.0-b36/javax.inject-2.5.0-b36.jar
2017-07-14 17:45:12,604 [Worker-18] INFO  o.e.m.c.i.e.AbstractTransferListenerAdapter - Downloaded https://repo.maven.apache.org/maven2/org/glassfish/hk2/external/javax.inject/2.5.0-b36/javax.inject-2.5.0-b36.jar
2017-07-14 17:45:12,620 [Worker-18] INFO  o.e.m.c.i.e.AbstractTransferListenerAdapter - Downloading https://repo.maven.apache.org/maven2/org/glassfish/jersey/core/jersey-common/2.26-b07/jersey-common-2.26-b07.jar
2017-07-14 17:45:13,639 [Worker-18] INFO  o.e.m.c.i.e.AbstractTransferListenerAdapter - Downloaded https://repo.maven.apache.org/maven2/org/glassfish/jersey/core/jersey-common/2.26-b07/jersey-common-2.26-b07.jar
2017-07-14 17:45:13,691 [Worker-18] INFO  o.e.m.c.i.e.AbstractTransferListenerAdapter - Downloading https://repo.maven.apache.org/maven2/org/glassfish/jersey/core/jersey-server/2.26-b07/jersey-server-2.26-b07.jar
2017-07-14 17:45:14,938 [Worker-18] INFO  o.e.m.c.i.e.AbstractTransferListenerAdapter - Downloaded https://repo.maven.apache.org/maven2/org/glassfish/jersey/core/jersey-server/2.26-b07/jersey-server-2.26-b07.jar
2017-07-14 17:45:14,969 [Worker-18] INFO  o.e.m.c.i.e.AbstractTransferListenerAdapter - Downloading https://repo.maven.apache.org/maven2/org/glassfish/jersey/core/jersey-client/2.26-b07/jersey-client-2.26-b07.jar
2017-07-14 17:45:15,121 [Worker-18] INFO  o.e.m.c.i.e.AbstractTransferListenerAdapter - Downloaded https://repo.maven.apache.org/maven2/org/glassfish/jersey/core/jersey-client/2.26-b07/jersey-client-2.26-b07.jar
2017-07-14 17:45:15,159 [Worker-18] INFO  o.e.m.c.i.e.AbstractTransferListenerAdapter - Downloading https://repo.maven.apache.org/maven2/org/glassfish/jersey/media/jersey-media-jaxb/2.26-b07/jersey-media-jaxb-2.26-b07.jar
2017-07-14 17:45:15,209 [Worker-18] INFO  o.e.m.c.i.e.AbstractTransferListenerAdapter - Downloaded https://repo.maven.apache.org/maven2/org/glassfish/jersey/media/jersey-media-jaxb/2.26-b07/jersey-media-jaxb-2.26-b07.jar
2017-07-14 17:45:15,248 [Worker-18] INFO  o.e.m.c.i.e.AbstractTransferListenerAdapter - Downloading https://repo.maven.apache.org/maven2/javax/ws/rs/javax.ws.rs-api/2.1-m09/javax.ws.rs-api-2.1-m09.jar
2017-07-14 17:45:15,414 [Worker-18] INFO  o.e.m.c.i.e.AbstractTransferListenerAdapter - Downloaded https://repo.maven.apache.org/maven2/javax/ws/rs/javax.ws.rs-api/2.1-m09/javax.ws.rs-api-2.1-m09.jar
2017-07-14 17:45:15,441 [Worker-18] INFO  o.e.m.c.i.e.AbstractTransferListenerAdapter - Downloading https://repo.maven.apache.org/maven2/org/glassfish/jersey/inject/jersey-hk2/2.26-b07/jersey-hk2-2.26-b07.jar
2017-07-14 17:45:15,501 [Worker-18] INFO  o.e.m.c.i.e.AbstractTransferListenerAdapter - Downloaded https://repo.maven.apache.org/maven2/org/glassfish/jersey/inject/jersey-hk2/2.26-b07/jersey-hk2-2.26-b07.jar
2017-07-14 17:45:15,531 [Worker-18] INFO  o.e.m.c.i.e.AbstractTransferListenerAdapter - Downloading https://repo.maven.apache.org/maven2/org/glassfish/hk2/hk2-locator/2.5.0-b36/hk2-locator-2.5.0-b36.jar
2017-07-14 17:45:15,666 [Worker-18] INFO  o.e.m.c.i.e.AbstractTransferListenerAdapter - Downloaded https://repo.maven.apache.org/maven2/org/glassfish/hk2/hk2-locator/2.5.0-b36/hk2-locator-2.5.0-b36.jar
2017-07-14 17:45:15,692 [Worker-18] INFO  o.e.m.c.i.e.AbstractTransferListenerAdapter - Downloading https://repo.maven.apache.org/maven2/org/glassfish/hk2/external/aopalliance-repackaged/2.5.0-b36/aopalliance-repackaged-2.5.0-b36.jar
2017-07-14 17:45:15,712 [Worker-18] INFO  o.e.m.c.i.e.AbstractTransferListenerAdapter - Downloaded https://repo.maven.apache.org/maven2/org/glassfish/hk2/external/aopalliance-repackaged/2.5.0-b36/aopalliance-repackaged-2.5.0-b36.jar
2017-07-14 17:45:15,741 [Worker-18] INFO  o.e.m.c.i.e.AbstractTransferListenerAdapter - Downloading https://repo.maven.apache.org/maven2/org/glassfish/hk2/hk2-api/2.5.0-b36/hk2-api-2.5.0-b36.jar
2017-07-14 17:45:15,907 [Worker-18] INFO  o.e.m.c.i.e.AbstractTransferListenerAdapter - Downloaded https://repo.maven.apache.org/maven2/org/glassfish/hk2/hk2-api/2.5.0-b36/hk2-api-2.5.0-b36.jar
2017-07-14 17:45:15,927 [Worker-18] INFO  o.e.m.c.i.e.AbstractTransferListenerAdapter - Downloading https://repo.maven.apache.org/maven2/javax/inject/javax.inject/1/javax.inject-1.jar
2017-07-14 17:45:15,946 [Worker-18] INFO  o.e.m.c.i.e.AbstractTransferListenerAdapter - Downloaded https://repo.maven.apache.org/maven2/javax/inject/javax.inject/1/javax.inject-1.jar
2017-07-14 17:45:15,985 [Worker-18] INFO  o.e.m.c.i.e.AbstractTransferListenerAdapter - Downloading https://repo.maven.apache.org/maven2/org/glassfish/hk2/hk2-utils/2.5.0-b36/hk2-utils-2.5.0-b36.jar
2017-07-14 17:45:16,236 [Worker-18] INFO  o.e.m.c.i.e.AbstractTransferListenerAdapter - Downloaded https://repo.maven.apache.org/maven2/org/glassfish/hk2/hk2-utils/2.5.0-b36/hk2-utils-2.5.0-b36.jar
2017-07-14 17:45:16,311 [Worker-18] INFO  o.e.m.c.i.e.AbstractTransferListenerAdapter - Downloading https://repo.maven.apache.org/maven2/org/eclipse/jetty/jetty-servlet/9.0.6.v20130930/jetty-servlet-9.0.6.v20130930.jar
2017-07-14 17:45:16,563 [Worker-18] INFO  o.e.m.c.i.e.AbstractTransferListenerAdapter - Downloaded https://repo.maven.apache.org/maven2/org/eclipse/jetty/jetty-servlet/9.0.6.v20130930/jetty-servlet-9.0.6.v20130930.jar
2017-07-14 17:45:16,615 [Worker-18] INFO  o.e.m.c.i.e.AbstractTransferListenerAdapter - Downloading https://repo.maven.apache.org/maven2/org/eclipse/jetty/jetty-security/9.0.6.v20130930/jetty-security-9.0.6.v20130930.jar
2017-07-14 17:45:16,765 [Worker-18] INFO  o.e.m.c.i.e.AbstractTransferListenerAdapter - Downloaded https://repo.maven.apache.org/maven2/org/eclipse/jetty/jetty-security/9.0.6.v20130930/jetty-security-9.0.6.v20130930.jar
2017-07-14 17:45:16,804 [Worker-18] INFO  o.e.m.c.i.e.AbstractTransferListenerAdapter - Downloading https://repo.maven.apache.org/maven2/org/eclipse/jetty/jetty-server/9.0.6.v20130930/jetty-server-9.0.6.v20130930.jar
2017-07-14 17:45:17,191 [Worker-18] INFO  o.e.m.c.i.e.AbstractTransferListenerAdapter - Downloaded https://repo.maven.apache.org/maven2/org/eclipse/jetty/jetty-server/9.0.6.v20130930/jetty-server-9.0.6.v20130930.jar
2017-07-14 17:45:17,219 [Worker-18] INFO  o.e.m.c.i.e.AbstractTransferListenerAdapter - Downloading https://repo.maven.apache.org/maven2/org/eclipse/jetty/orbit/javax.servlet/3.0.0.v201112011016/javax.servlet-3.0.0.v201112011016.jar
2017-07-14 17:45:17,425 [Worker-18] INFO  o.e.m.c.i.e.AbstractTransferListenerAdapter - Downloaded https://repo.maven.apache.org/maven2/org/eclipse/jetty/orbit/javax.servlet/3.0.0.v201112011016/javax.servlet-3.0.0.v201112011016.jar
2017-07-14 17:45:17,464 [Worker-18] INFO  o.e.m.c.i.e.AbstractTransferListenerAdapter - Downloading https://repo.maven.apache.org/maven2/org/eclipse/jetty/jetty-http/9.0.6.v20130930/jetty-http-9.0.6.v20130930.jar
2017-07-14 17:45:17,662 [Worker-18] INFO  o.e.m.c.i.e.AbstractTransferListenerAdapter - Downloaded https://repo.maven.apache.org/maven2/org/eclipse/jetty/jetty-http/9.0.6.v20130930/jetty-http-9.0.6.v20130930.jar
2017-07-14 17:45:17,720 [Worker-18] INFO  o.e.m.c.i.e.AbstractTransferListenerAdapter - Downloading https://repo.maven.apache.org/maven2/org/eclipse/jetty/jetty-io/9.0.6.v20130930/jetty-io-9.0.6.v20130930.jar
2017-07-14 17:45:18,089 [Worker-18] INFO  o.e.m.c.i.e.AbstractTransferListenerAdapter - Downloaded https://repo.maven.apache.org/maven2/org/eclipse/jetty/jetty-io/9.0.6.v20130930/jetty-io-9.0.6.v20130930.jar
2017-07-14 17:45:18,139 [Worker-18] INFO  o.e.m.c.i.e.AbstractTransferListenerAdapter - Downloading https://repo.maven.apache.org/maven2/org/eclipse/jetty/jetty-webapp/9.0.6.v20130930/jetty-webapp-9.0.6.v20130930.jar
2017-07-14 17:45:18,298 [Worker-18] INFO  o.e.m.c.i.e.AbstractTransferListenerAdapter - Downloaded https://repo.maven.apache.org/maven2/org/eclipse/jetty/jetty-webapp/9.0.6.v20130930/jetty-webapp-9.0.6.v20130930.jar
2017-07-14 17:45:18,384 [Worker-18] INFO  o.e.m.c.i.e.AbstractTransferListenerAdapter - Downloading https://repo.maven.apache.org/maven2/org/eclipse/jetty/jetty-xml/9.0.6.v20130930/jetty-xml-9.0.6.v20130930.jar
2017-07-14 17:45:18,445 [Worker-18] INFO  o.e.m.c.i.e.AbstractTransferListenerAdapter - Downloaded https://repo.maven.apache.org/maven2/org/eclipse/jetty/jetty-xml/9.0.6.v20130930/jetty-xml-9.0.6.v20130930.jar
2017-07-14 17:45:18,504 [Worker-18] INFO  o.e.m.c.i.e.AbstractTransferListenerAdapter - Downloading https://repo.maven.apache.org/maven2/org/eclipse/jetty/jetty-util/9.0.6.v20130930/jetty-util-9.0.6.v20130930.jar
2017-07-14 17:45:19,032 [Worker-18] INFO  o.e.m.c.i.e.AbstractTransferListenerAdapter - Downloaded https://repo.maven.apache.org/maven2/org/eclipse/jetty/jetty-util/9.0.6.v20130930/jetty-util-9.0.6.v20130930.jar
2017-07-14 17:45:19,058 [Worker-18] INFO  o.e.m.c.i.e.AbstractTransferListenerAdapter - Downloading https://repo.maven.apache.org/maven2/org/glassfish/jersey/test-framework/providers/jersey-test-framework-provider-grizzly2/2.26-b07/jersey-test-framework-provider-grizzly2-2.26-b07.jar
2017-07-14 17:45:19,081 [Worker-18] INFO  o.e.m.c.i.e.AbstractTransferListenerAdapter - Downloaded https://repo.maven.apache.org/maven2/org/glassfish/jersey/test-framework/providers/jersey-test-framework-provider-grizzly2/2.26-b07/jersey-test-framework-provider-grizzly2-2.26-b07.jar
2017-07-14 17:45:19,115 [Worker-18] INFO  o.e.m.c.i.e.AbstractTransferListenerAdapter - Downloading https://repo.maven.apache.org/maven2/org/glassfish/jersey/test-framework/jersey-test-framework-core/2.26-b07/jersey-test-framework-core-2.26-b07.jar
2017-07-14 17:45:19,139 [Worker-18] INFO  o.e.m.c.i.e.AbstractTransferListenerAdapter - Downloaded https://repo.maven.apache.org/maven2/org/glassfish/jersey/test-framework/jersey-test-framework-core/2.26-b07/jersey-test-framework-core-2.26-b07.jar
2017-07-14 17:45:19,168 [Worker-18] INFO  o.e.m.c.i.e.AbstractTransferListenerAdapter - Downloading https://repo.maven.apache.org/maven2/javax/servlet/javax.servlet-api/3.0.1/javax.servlet-api-3.0.1.jar
2017-07-14 17:45:19,238 [Worker-18] INFO  o.e.m.c.i.e.AbstractTransferListenerAdapter - Downloaded https://repo.maven.apache.org/maven2/javax/servlet/javax.servlet-api/3.0.1/javax.servlet-api-3.0.1.jar
2017-07-14 17:45:19,265 [Worker-18] INFO  o.e.m.c.i.e.AbstractTransferListenerAdapter - Downloading https://repo.maven.apache.org/maven2/org/glassfish/jersey/containers/jersey-container-grizzly2-http/2.26-b07/jersey-container-grizzly2-http-2.26-b07.jar
2017-07-14 17:45:19,302 [Worker-18] INFO  o.e.m.c.i.e.AbstractTransferListenerAdapter - Downloaded https://repo.maven.apache.org/maven2/org/glassfish/jersey/containers/jersey-container-grizzly2-http/2.26-b07/jersey-container-grizzly2-http-2.26-b07.jar
2017-07-14 17:45:19,351 [Worker-18] INFO  o.e.m.c.i.e.AbstractTransferListenerAdapter - Downloading https://repo.maven.apache.org/maven2/org/glassfish/grizzly/grizzly-http-server/2.4.0-beta8/grizzly-http-server-2.4.0-beta8.jar
2017-07-14 17:45:19,728 [Worker-18] INFO  o.e.m.c.i.e.AbstractTransferListenerAdapter - Downloaded https://repo.maven.apache.org/maven2/org/glassfish/grizzly/grizzly-http-server/2.4.0-beta8/grizzly-http-server-2.4.0-beta8.jar
2017-07-14 17:45:19,803 [Worker-18] INFO  o.e.m.c.i.e.AbstractTransferListenerAdapter - Downloading https://repo.maven.apache.org/maven2/org/glassfish/grizzly/grizzly-http/2.4.0-beta8/grizzly-http-2.4.0-beta8.jar
2017-07-14 17:45:20,085 [Worker-18] INFO  o.e.m.c.i.e.AbstractTransferListenerAdapter - Downloaded https://repo.maven.apache.org/maven2/org/glassfish/grizzly/grizzly-http/2.4.0-beta8/grizzly-http-2.4.0-beta8.jar
2017-07-14 17:45:20,121 [Worker-18] INFO  o.e.m.c.i.e.AbstractTransferListenerAdapter - Downloading https://repo.maven.apache.org/maven2/org/glassfish/grizzly/grizzly-framework/2.4.0-beta8/grizzly-framework-2.4.0-beta8.jar
2017-07-14 17:45:21,054 [Worker-18] INFO  o.e.m.c.i.e.AbstractTransferListenerAdapter - Downloaded https://repo.maven.apache.org/maven2/org/glassfish/grizzly/grizzly-framework/2.4.0-beta8/grizzly-framework-2.4.0-beta8.jar
2017-07-14 17:45:21,072 [Worker-18] INFO  o.e.m.c.i.e.AbstractTransferListenerAdapter - Downloading https://repo.maven.apache.org/maven2/org/glassfish/jersey/containers/jersey-container-grizzly2-servlet/2.26-b07/jersey-container-grizzly2-servlet-2.26-b07.jar
2017-07-14 17:45:21,099 [Worker-18] INFO  o.e.m.c.i.e.AbstractTransferListenerAdapter - Downloaded https://repo.maven.apache.org/maven2/org/glassfish/jersey/containers/jersey-container-grizzly2-servlet/2.26-b07/jersey-container-grizzly2-servlet-2.26-b07.jar
2017-07-14 17:45:21,121 [Worker-18] INFO  o.e.m.c.i.e.AbstractTransferListenerAdapter - Downloading https://repo.maven.apache.org/maven2/org/glassfish/grizzly/grizzly-http-servlet/2.4.0-beta8/grizzly-http-servlet-2.4.0-beta8.jar
2017-07-14 17:45:21,272 [Worker-18] INFO  o.e.m.c.i.e.AbstractTransferListenerAdapter - Downloaded https://repo.maven.apache.org/maven2/org/glassfish/grizzly/grizzly-http-servlet/2.4.0-beta8/grizzly-http-servlet-2.4.0-beta8.jar
2017-07-14 17:45:21,309 [Worker-18] INFO  o.e.m.c.i.e.AbstractTransferListenerAdapter - Downloading https://repo.maven.apache.org/maven2/org/glassfish/jersey/test-framework/providers/jersey-test-framework-provider-inmemory/2.26-b07/jersey-test-framework-provider-inmemory-2.26-b07.jar
2017-07-14 17:45:21,335 [Worker-18] INFO  o.e.m.c.i.e.AbstractTransferListenerAdapter - Downloaded https://repo.maven.apache.org/maven2/org/glassfish/jersey/test-framework/providers/jersey-test-framework-provider-inmemory/2.26-b07/jersey-test-framework-provider-inmemory-2.26-b07.jar
2017-07-14 17:45:21,355 [Worker-18] INFO  o.e.m.c.i.e.AbstractTransferListenerAdapter - Downloading https://repo.maven.apache.org/maven2/org/glassfish/jersey/test-framework/providers/jersey-test-framework-provider-external/2.26-b07/jersey-test-framework-provider-external-2.26-b07.jar
2017-07-14 17:45:21,383 [Worker-18] INFO  o.e.m.c.i.e.AbstractTransferListenerAdapter - Downloaded https://repo.maven.apache.org/maven2/org/glassfish/jersey/test-framework/providers/jersey-test-framework-provider-external/2.26-b07/jersey-test-framework-provider-external-2.26-b07.jar
2017-07-14 17:45:21,417 [Worker-18] INFO  o.e.m.c.i.e.AbstractTransferListenerAdapter - Downloading https://repo.maven.apache.org/maven2/org/glassfish/jersey/test-framework/providers/jersey-test-framework-provider-jdk-http/2.26-b07/jersey-test-framework-provider-jdk-http-2.26-b07.jar
2017-07-14 17:45:21,443 [Worker-18] INFO  o.e.m.c.i.e.AbstractTransferListenerAdapter - Downloaded https://repo.maven.apache.org/maven2/org/glassfish/jersey/test-framework/providers/jersey-test-framework-provider-jdk-http/2.26-b07/jersey-test-framework-provider-jdk-http-2.26-b07.jar
2017-07-14 17:45:21,469 [Worker-18] INFO  o.e.m.c.i.e.AbstractTransferListenerAdapter - Downloading https://repo.maven.apache.org/maven2/org/glassfish/jersey/containers/jersey-container-jdk-http/2.26-b07/jersey-container-jdk-http-2.26-b07.jar
2017-07-14 17:45:21,491 [Worker-18] INFO  o.e.m.c.i.e.AbstractTransferListenerAdapter - Downloaded https://repo.maven.apache.org/maven2/org/glassfish/jersey/containers/jersey-container-jdk-http/2.26-b07/jersey-container-jdk-http-2.26-b07.jar
2017-07-14 17:45:21,514 [Worker-18] INFO  o.e.m.c.i.e.AbstractTransferListenerAdapter - Downloading https://repo.maven.apache.org/maven2/org/glassfish/jersey/test-framework/providers/jersey-test-framework-provider-simple/2.26-b07/jersey-test-framework-provider-simple-2.26-b07.jar
2017-07-14 17:45:21,543 [Worker-18] INFO  o.e.m.c.i.e.AbstractTransferListenerAdapter - Downloaded https://repo.maven.apache.org/maven2/org/glassfish/jersey/test-framework/providers/jersey-test-framework-provider-simple/2.26-b07/jersey-test-framework-provider-simple-2.26-b07.jar
2017-07-14 17:45:21,562 [Worker-18] INFO  o.e.m.c.i.e.AbstractTransferListenerAdapter - Downloading https://repo.maven.apache.org/maven2/org/glassfish/jersey/containers/jersey-container-simple-http/2.26-b07/jersey-container-simple-http-2.26-b07.jar
2017-07-14 17:45:21,832 [Worker-18] INFO  o.e.m.c.i.e.AbstractTransferListenerAdapter - Downloaded https://repo.maven.apache.org/maven2/org/glassfish/jersey/containers/jersey-container-simple-http/2.26-b07/jersey-container-simple-http-2.26-b07.jar
2017-07-14 17:45:21,859 [Worker-18] INFO  o.e.m.c.i.e.AbstractTransferListenerAdapter - Downloading https://repo.maven.apache.org/maven2/org/simpleframework/simple-http/6.0.1/simple-http-6.0.1.jar
2017-07-14 17:45:22,030 [Worker-18] INFO  o.e.m.c.i.e.AbstractTransferListenerAdapter - Downloaded https://repo.maven.apache.org/maven2/org/simpleframework/simple-http/6.0.1/simple-http-6.0.1.jar
2017-07-14 17:45:22,061 [Worker-18] INFO  o.e.m.c.i.e.AbstractTransferListenerAdapter - Downloading https://repo.maven.apache.org/maven2/org/simpleframework/simple-transport/6.0.1/simple-transport-6.0.1.jar
2017-07-14 17:45:22,117 [Worker-18] INFO  o.e.m.c.i.e.AbstractTransferListenerAdapter - Downloaded https://repo.maven.apache.org/maven2/org/simpleframework/simple-transport/6.0.1/simple-transport-6.0.1.jar
2017-07-14 17:45:22,142 [Worker-18] INFO  o.e.m.c.i.e.AbstractTransferListenerAdapter - Downloading https://repo.maven.apache.org/maven2/org/simpleframework/simple-common/6.0.1/simple-common-6.0.1.jar
2017-07-14 17:45:22,176 [Worker-18] INFO  o.e.m.c.i.e.AbstractTransferListenerAdapter - Downloaded https://repo.maven.apache.org/maven2/org/simpleframework/simple-common/6.0.1/simple-common-6.0.1.jar
2017-07-14 17:45:22,196 [Worker-18] INFO  o.e.m.c.i.e.AbstractTransferListenerAdapter - Downloading https://repo.maven.apache.org/maven2/org/glassfish/jersey/test-framework/providers/jersey-test-framework-provider-jetty/2.26-b07/jersey-test-framework-provider-jetty-2.26-b07.jar
2017-07-14 17:45:22,214 [Worker-18] INFO  o.e.m.c.i.e.AbstractTransferListenerAdapter - Downloaded https://repo.maven.apache.org/maven2/org/glassfish/jersey/test-framework/providers/jersey-test-framework-provider-jetty/2.26-b07/jersey-test-framework-provider-jetty-2.26-b07.jar
2017-07-14 17:45:22,238 [Worker-18] INFO  o.e.m.c.i.e.AbstractTransferListenerAdapter - Downloading https://repo.maven.apache.org/maven2/org/glassfish/jersey/containers/jersey-container-jetty-http/2.26-b07/jersey-container-jetty-http-2.26-b07.jar
2017-07-14 17:45:22,271 [Worker-18] INFO  o.e.m.c.i.e.AbstractTransferListenerAdapter - Downloaded https://repo.maven.apache.org/maven2/org/glassfish/jersey/containers/jersey-container-jetty-http/2.26-b07/jersey-container-jetty-http-2.26-b07.jar
2017-07-14 17:45:22,291 [Worker-18] INFO  o.e.m.c.i.e.AbstractTransferListenerAdapter - Downloading https://repo.maven.apache.org/maven2/org/eclipse/jetty/jetty-continuation/9.4.3.v20170317/jetty-continuation-9.4.3.v20170317.jar
2017-07-14 17:45:22,418 [Worker-18] INFO  o.e.m.c.i.e.AbstractTransferListenerAdapter - Downloaded https://repo.maven.apache.org/maven2/org/eclipse/jetty/jetty-continuation/9.4.3.v20170317/jetty-continuation-9.4.3.v20170317.jar
2017-07-14 17:45:22,449 [Worker-18] INFO  o.e.m.c.i.e.AbstractTransferListenerAdapter - Downloading https://repo.maven.apache.org/maven2/org/glassfish/jersey/test-framework/providers/jersey-test-framework-provider-netty/2.26-b07/jersey-test-framework-provider-netty-2.26-b07.jar
2017-07-14 17:45:22,486 [Worker-18] INFO  o.e.m.c.i.e.AbstractTransferListenerAdapter - Downloaded https://repo.maven.apache.org/maven2/org/glassfish/jersey/test-framework/providers/jersey-test-framework-provider-netty/2.26-b07/jersey-test-framework-provider-netty-2.26-b07.jar
2017-07-14 17:45:22,531 [Worker-18] INFO  o.e.m.c.i.e.AbstractTransferListenerAdapter - Downloading https://repo.maven.apache.org/maven2/org/glassfish/jersey/containers/jersey-container-netty-http/2.26-b07/jersey-container-netty-http-2.26-b07.jar
2017-07-14 17:45:22,599 [Worker-18] INFO  o.e.m.c.i.e.AbstractTransferListenerAdapter - Downloaded https://repo.maven.apache.org/maven2/org/glassfish/jersey/containers/jersey-container-netty-http/2.26-b07/jersey-container-netty-http-2.26-b07.jar
2017-07-14 17:45:22,635 [Worker-18] INFO  o.e.m.c.i.e.AbstractTransferListenerAdapter - Downloading https://repo.maven.apache.org/maven2/org/glassfish/jersey/connectors/jersey-netty-connector/2.26-b07/jersey-netty-connector-2.26-b07.jar
2017-07-14 17:45:22,686 [Worker-18] INFO  o.e.m.c.i.e.AbstractTransferListenerAdapter - Downloaded https://repo.maven.apache.org/maven2/org/glassfish/jersey/connectors/jersey-netty-connector/2.26-b07/jersey-netty-connector-2.26-b07.jar
2017-07-14 17:45:22,716 [Worker-18] INFO  o.e.m.c.i.e.AbstractTransferListenerAdapter - Downloading https://repo.maven.apache.org/maven2/io/netty/netty-all/4.1.5.Final/netty-all-4.1.5.Final.jar
2017-07-14 17:45:25,688 [Worker-18] INFO  o.e.m.c.i.e.AbstractTransferListenerAdapter - Downloaded https://repo.maven.apache.org/maven2/io/netty/netty-all/4.1.5.Final/netty-all-4.1.5.Final.jar
2017-07-14 17:45:25,707 [Worker-18] INFO  o.e.m.c.i.e.AbstractTransferListenerAdapter - Downloading https://repo.maven.apache.org/maven2/junit/junit/4.12/junit-4.12.jar
2017-07-14 17:45:25,929 [Worker-18] INFO  o.e.m.c.i.e.AbstractTransferListenerAdapter - Downloaded https://repo.maven.apache.org/maven2/junit/junit/4.12/junit-4.12.jar
2017-07-14 17:45:25,946 [Worker-18] INFO  o.e.m.c.i.e.AbstractTransferListenerAdapter - Downloading https://repo.maven.apache.org/maven2/org/hamcrest/hamcrest-core/1.3/hamcrest-core-1.3.jar
2017-07-14 17:45:25,987 [Worker-18] INFO  o.e.m.c.i.e.AbstractTransferListenerAdapter - Downloaded https://repo.maven.apache.org/maven2/org/hamcrest/hamcrest-core/1.3/hamcrest-core-1.3.jar
2017-07-14 17:45:32,493 [Worker-18] INFO  o.e.m.j.i.AbstractJavaProjectConfigurator - Adding source folder /sampleHerokuWebapp/src/main/java
2017-07-14 17:45:32,496 [Worker-18] INFO  o.e.m.j.i.AbstractJavaProjectConfigurator - Adding source folder /sampleHerokuWebapp/src/test/java
2017-07-14 17:45:32,656 [Worker-18] INFO  o.e.m.c.i.p.ProjectConfigurationManager - Imported and configured 1 project(s) in 26 sec
2017-07-14 17:45:34,021 [Worker-12] INFO  o.e.m.c.i.embedder.EclipseLogger - Using 'UTF-8' encoding to copy filtered resources.
2017-07-14 17:45:34,021 [Worker-12] INFO  o.e.m.c.i.embedder.EclipseLogger - skip non existing resourceDirectory /Users/Mamun/Desktop/selenium/mvn_projects/sampleHerokuWebapp/src/main/resources
2017-07-14 17:45:34,023 [Worker-12] INFO  o.e.m.c.i.embedder.EclipseLogger - Using 'UTF-8' encoding to copy filtered resources.
2017-07-14 17:45:34,023 [Worker-12] INFO  o.e.m.c.i.embedder.EclipseLogger - skip non existing resourceDirectory /Users/Mamun/Desktop/selenium/mvn_projects/sampleHerokuWebapp/src/test/resources
2017-08-08 16:27:50,012 [Worker-3] INFO  c.g.t.t.d.PublishedGradleVersions - Gradle version information cache is out-of-date. Trying to update.
2017-09-04 14:13:14,783 [Worker-2] INFO  c.g.t.t.d.PublishedGradleVersions - Gradle version information cache is out-of-date. Trying to update.
2017-09-04 14:19:00,934 [Worker-13] INFO  o.e.m.c.i.embedder.EclipseLogger - Using 'UTF-8' encoding to copy filtered resources.
2017-09-04 14:19:00,934 [Worker-13] INFO  o.e.m.c.i.embedder.EclipseLogger - skip non existing resourceDirectory /Users/Mamun/Desktop/selenium/mvn_projects/sampleHerokuWebapp/src/main/resources
2017-09-04 14:19:00,937 [Worker-13] INFO  o.e.m.c.i.embedder.EclipseLogger - Using 'UTF-8' encoding to copy filtered resources.
2017-09-04 14:19:00,938 [Worker-13] INFO  o.e.m.c.i.embedder.EclipseLogger - skip non existing resourceDirectory /Users/Mamun/Desktop/selenium/mvn_projects/sampleHerokuWebapp/src/test/resources
2017-09-06 21:25:04,918 [Worker-3] INFO  c.g.t.t.d.PublishedGradleVersions - Gradle version information cache is out-of-date. Trying to update.
2017-09-06 21:25:05,294 [Worker-3] INFO  c.g.t.t.d.PublishedGradleVersions - Updating Gradle version information cache failed. Using outdated cache.
2017-09-10 14:14:56,837 [Worker-3] INFO  c.g.t.t.d.PublishedGradleVersions - Gradle version information cache is out-of-date. Trying to update.
